<?xml version="1.0" encoding="UTF-8"?>
<testsuite xmlns:xsi="http://www.w3.org/2001/XMLSchema-instance" xsi:noNamespaceSchemaLocation="https://maven.apache.org/surefire/maven-surefire-plugin/xsd/surefire-test-report-3.0.xsd" version="3.0" name="com.company.buildanalyzer.application.classifier.ErrorClassifierTest" time="0.128" tests="16" errors="0" skipped="0" failures="0">
  <properties>
[...]
</properties>
  <testcase name="classifiesByKeyword(String, ErrorCategory)[1]" classname="com.company.buildanalyzer.application.classifier.ErrorClassifierTest" time="0.022"/>
  <testcase name="classifiesByKeyword(String, ErrorCategory)[2]" classname="com.company.buildanalyzer.application.classifier.ErrorClassifierTest" time="0.001"/>
  <testcase name="classifiesByKeyword(String, ErrorCategory)[3]" classname="com.company.buildanalyzer.application.classifier.ErrorClassifierTest" time="0.001"/>
  <testcase name="classifiesByKeyword(String, ErrorCategory)[4]" classname="com.company.buildanalyzer.application.classifier.ErrorClassifierTest" time="0.001"/>
  <testcase name="classifiesByKeyword(String, ErrorCategory)[5]" classname="com.company.buildanalyzer.application.classifier.ErrorClassifierTest" time="0.002"/>
  <testcase name="classifiesByKeyword(String, ErrorCategory)[6]" classname="com.company.buildanalyzer.application.classifier.ErrorClassifierTest" time="0.003"/>
  <testcase name="classifiesByKeyword(String, ErrorCategory)[7]" classname="com.company.buildanalyzer.application.classifier.ErrorClassifierTest" time="0.001"/>
  <testcase name="classifiesByKeyword(String, ErrorCategory)[8]" classname="com.company.buildanalyzer.application.classifier.ErrorClassifierTest" time="0.001"/>
  <testcase name="classifiesByKeyword(String, ErrorCategory)[9]" classname="com.company.buildanalyzer.application.classifier.ErrorClassifierTest" time="0.002"/>
  <testcase name="classifiesByKeyword(String, ErrorCategory)[10]" classname="com.company.buildanalyzer.application.classifier.ErrorClassifierTest" time="0.001"/>
  <testcase name="classifiesByKeyword(String, ErrorCategory)[11]" classname="com.company.buildanalyzer.application.classifier.ErrorClassifierTest" time="0.001"/>
  <testcase name="cucumberWinsOverGenericBuildFailureWhenNoException" classname="com.company.buildanalyzer.application.classifier.ErrorClassifierTest" time="0.001"/>
  <testcase name="specificSignalWinsOverGenericBuildFailure" classname="com.company.buildanalyzer.application.classifier.ErrorClassifierTest" time="0.001"/>
  <testcase name="nullAndBlankInputIsUnknown" classname="com.company.buildanalyzer.application.classifier.ErrorClassifierTest" time="0.001"/>
  <testcase name="bareBuildFailureIsMaven" classname="com.company.buildanalyzer.application.classifier.ErrorClassifierTest" time="0.0"/>
  <testcase name="usesExceptionTypeArgumentAsSignal" classname="com.company.buildanalyzer.application.classifier.ErrorClassifierTest" time="0.001"/>
</testsuite>